<?xml version="1.0" encoding="UTF-8"?>
<!-- Generated by org.testng.reporters.JUnitReportReporter -->
<testsuite hostname="DESKTOP-568LCLC" failures="0" tests="1" name="TestRunner.testRun" time="25.643" errors="0" timestamp="18 Dec 2019 01:46:33 GMT" skipped="0">
  <testcase classname="TestRunner.testRun" name="feature" time="25.643"/>
</testsuite> <!-- TestRunner.testRun -->
